<?xml version="1.0" encoding="UTF-8"?>
<robot generator="Robot 7.0 (Python 3.11.9 on win32)" generated="2024-06-21T03:21:42.550121" rpa="false" schemaversion="5">
<suite id="s1" name="Date" source="C:\Users\Yvan\PycharmProjects\RobotFrameworkProject\Automation\date\date.robot">
<test id="s1-t1" name="Check Report from BL" line="42">
<kw name="Open Browser" owner="SeleniumLibrary">
<msg time="2024-06-21T03:21:42.775712" level="INFO">Opening browser 'chrome' to base url 'https://tools.brightlocal.com/seo-tools/admin/login?redirect_url=%252Fseo-tools%252Fadmin%252Flsrc%253F&amp;redirect_source=access_control'.</msg>
<arg>${url}</arg>
<arg>${browser}</arg>
<doc>Opens a new browser instance to the optional ``url``.</doc>
<status status="PASS" start="2024-06-21T03:21:42.775712" elapsed="4.148139"/>
</kw>
<kw name="Maximize Browser Window" owner="SeleniumLibrary">
<doc>Maximizes current browser window.</doc>
<status status="PASS" start="2024-06-21T03:21:46.923851" elapsed="0.066444"/>
</kw>
<kw name="Perform Login">
<kw name="Input Text" owner="SeleniumLibrary">
<msg time="2024-06-21T03:21:46.992322" level="INFO">Typing text 'webadmin@ollyolly.com' into text field 'xpath=/html/body/div[1]/div/div[1]/form/input[1]'.</msg>
<arg>xpath=/html/body/div[1]/div/div[1]/form/input[1]</arg>
<arg>${username}</arg>
<doc>Types the given ``text`` into the text field identified by ``locator``.</doc>
<status status="PASS" start="2024-06-21T03:21:46.991818" elapsed="6.307389"/>
</kw>
<kw name="Input Text" owner="SeleniumLibrary">
<msg time="2024-06-21T03:21:53.300622" level="INFO">Typing text '99e1b4a9' into text field 'xpath=/html/body/div[1]/div/div[1]/form/input[2]'.</msg>
<arg>xpath=/html/body/div[1]/div/div[1]/form/input[2]</arg>
<arg>${password}</arg>
<doc>Types the given ``text`` into the text field identified by ``locator``.</doc>
<status status="PASS" start="2024-06-21T03:21:53.300622" elapsed="0.164288"/>
</kw>
<kw name="Click Button" owner="SeleniumLibrary">
<msg time="2024-06-21T03:21:53.464910" level="INFO">Clicking button 'xpath=/html/body/div[1]/div/div[1]/form/div[2]/button'.</msg>
<arg>xpath=/html/body/div[1]/div/div[1]/form/div[2]/button</arg>
<doc>Clicks the button identified by ``locator``.</doc>
<status status="PASS" start="2024-06-21T03:21:53.464910" elapsed="0.160726"/>
</kw>
<kw name="Wait Until Element Is Visible" owner="SeleniumLibrary">
<arg>xpath=//*[@id="query"]</arg>
<arg>20s</arg>
<doc>Waits until the element ``locator`` is visible.</doc>
<status status="PASS" start="2024-06-21T03:21:53.626800" elapsed="3.990499"/>
</kw>
<status status="PASS" start="2024-06-21T03:21:46.991313" elapsed="10.625986"/>
</kw>
<for flavor="IN">
<iter>
<kw name="Log" owner="BuiltIn">
<msg time="2024-06-21T03:21:57.618463" level="INFO">Processing company: Don't Sweat It Air &amp; Heat, Inc.</msg>
<arg>Processing company: ${company}</arg>
<doc>Logs the given message with the given level.</doc>
<status status="PASS" start="2024-06-21T03:21:57.618463" elapsed="0.000000"/>
</kw>
<kw name="Process Company">
<kw name="Wait Until Element Is Visible" owner="SeleniumLibrary">
<arg>xpath=//*[@id="query"]</arg>
<arg>15s</arg>
<doc>Waits until the element ``locator`` is visible.</doc>
<status status="PASS" start="2024-06-21T03:21:57.618463" elapsed="0.055517"/>
</kw>
<kw name="Clear Element Text" owner="SeleniumLibrary">
<arg>xpath=//*[@id="query"]</arg>
<doc>Clears the value of the text-input-element identified by ``locator``.</doc>
<status status="PASS" start="2024-06-21T03:21:57.673980" elapsed="0.111130"/>
</kw>
<kw name="Input Text" owner="SeleniumLibrary">
<msg time="2024-06-21T03:21:57.785110" level="INFO">Typing text 'Don't Sweat It Air &amp; Heat, Inc.' into text field 'xpath=//*[@id="query"]'.</msg>
<arg>xpath=//*[@id="query"]</arg>
<arg>${company}</arg>
<doc>Types the given ``text`` into the text field identified by ``locator``.</doc>
<status status="PASS" start="2024-06-21T03:21:57.785110" elapsed="0.215090"/>
</kw>
<kw name="Log" owner="BuiltIn">
<msg time="2024-06-21T03:21:58.000200" level="INFO">click search button</msg>
<arg>click search button</arg>
<doc>Logs the given message with the given level.</doc>
<status status="PASS" start="2024-06-21T03:21:58.000200" elapsed="0.000000"/>
</kw>
<kw name="Click Button" owner="SeleniumLibrary">
<msg time="2024-06-21T03:21:58.000200" level="INFO">Clicking button 'xpath=//*[@id="js-lsrc-home-content"]/header/nav/div[1]/form/button'.</msg>
<arg>xpath=//*[@id="js-lsrc-home-content"]/header/nav/div[1]/form/button</arg>
<doc>Clicks the button identified by ``locator``.</doc>
<status status="PASS" start="2024-06-21T03:21:58.000200" elapsed="0.122564"/>
</kw>
<kw name="Wait Until Element Is Visible" owner="SeleniumLibrary">
<msg time="2024-06-21T03:22:13.493948" level="INFO" html="true">&lt;/td&gt;&lt;/tr&gt;&lt;tr&gt;&lt;td colspan="3"&gt;&lt;a href="selenium-screenshot-1669.png"&gt;&lt;img src="selenium-screenshot-1669.png" width="800px"&gt;&lt;/a&gt;</msg>
<msg time="2024-06-21T03:22:13.493948" level="FAIL">Element 'xpath= //*[@id="js-lsrc-home-content"]/ul/li/div[2]/span[1]' not visible after 15 seconds.</msg>
<arg>xpath= //*[@id="js-lsrc-home-content"]/ul/li/div[2]/span[1]</arg>
<arg>15s</arg>
<doc>Waits until the element ``locator`` is visible.</doc>
<status status="FAIL" start="2024-06-21T03:21:58.122764" elapsed="15.373460">Element 'xpath= //*[@id="js-lsrc-home-content"]/ul/li/div[2]/span[1]' not visible after 15 seconds.</status>
</kw>
<kw name="Click Element" owner="SeleniumLibrary">
<arg>xpath= //*[@id="js-lsrc-home-content"]/ul/li/div[2]/span[1]</arg>
<doc>Click the element identified by ``locator``.</doc>
<status status="NOT RUN" start="2024-06-21T03:22:13.496224" elapsed="0.000000"/>
</kw>
<kw name="Log" owner="BuiltIn">
<arg>click report history</arg>
<doc>Logs the given message with the given level.</doc>
<status status="NOT RUN" start="2024-06-21T03:22:13.496224" elapsed="0.000000"/>
</kw>
<kw name="Click Button" owner="SeleniumLibrary">
<arg>xpath=//*[@id="js-lsrc-home-content"]/ul/li[1]/div[7]/div/div/button</arg>
<doc>Clicks the button identified by ``locator``.</doc>
<status status="NOT RUN" start="2024-06-21T03:22:13.496224" elapsed="0.000000"/>
</kw>
<kw name="Wait Until Element Is Visible" owner="SeleniumLibrary">
<arg>xpath=//div[contains(@class, '${DROPDOWN_CLASS1}')]/ul/li/a[contains(text(), '${LINK_TEXT1}')]</arg>
<arg>2s</arg>
<doc>Waits until the element ``locator`` is visible.</doc>
<status status="NOT RUN" start="2024-06-21T03:22:13.496224" elapsed="0.000000"/>
</kw>
<kw name="Click Element" owner="SeleniumLibrary">
<arg>xpath=//div[contains(@class, '${DROPDOWN_CLASS1}')]/ul/li/a[contains(text(), '${LINK_TEXT1}')]</arg>
<doc>Click the element identified by ``locator``.</doc>
<status status="NOT RUN" start="2024-06-21T03:22:13.496224" elapsed="0.000000"/>
</kw>
<kw name="Sleep" owner="BuiltIn">
<arg>1s</arg>
<doc>Pauses the test executed for the given time.</doc>
<status status="NOT RUN" start="2024-06-21T03:22:13.497245" elapsed="0.000000"/>
</kw>
<arg>${company}</arg>
<doc>searching</doc>
<status status="FAIL" start="2024-06-21T03:21:57.618463" elapsed="15.878782">Element 'xpath= //*[@id="js-lsrc-home-content"]/ul/li/div[2]/span[1]' not visible after 15 seconds.</status>
</kw>
<kw name="Click Element" owner="SeleniumLibrary">
<arg>xpath=//*[@id="main-nav"]/nav/section/ul[1]/li[3]/a</arg>
<doc>Click the element identified by ``locator``.</doc>
<status status="NOT RUN" start="2024-06-21T03:22:13.497245" elapsed="0.000000"/>
</kw>
<kw name="Click Element" owner="SeleniumLibrary">
<arg>xpath=//*[@id="main-nav"]/nav/section/ul[1]/li[3]/ul/li[2]/a/span[2]</arg>
<doc>Click the element identified by ``locator``.</doc>
<status status="NOT RUN" start="2024-06-21T03:22:13.497245" elapsed="0.000000"/>
</kw>
<var name="${company}">Don't Sweat It Air &amp; Heat, Inc.</var>
<status status="FAIL" start="2024-06-21T03:21:57.617299" elapsed="15.879946">Element 'xpath= //*[@id="js-lsrc-home-content"]/ul/li/div[2]/span[1]' not visible after 15 seconds.</status>
</iter>
<var>${company}</var>
<value>@{companies}</value>
<status status="FAIL" start="2024-06-21T03:21:57.617299" elapsed="15.879946">Element 'xpath= //*[@id="js-lsrc-home-content"]/ul/li/div[2]/span[1]' not visible after 15 seconds.</status>
</for>
<status status="FAIL" start="2024-06-21T03:21:42.774505" elapsed="30.722740">Element 'xpath= //*[@id="js-lsrc-home-content"]/ul/li/div[2]/span[1]' not visible after 15 seconds.</status>
</test>
<status status="FAIL" start="2024-06-21T03:21:42.551124" elapsed="30.947151"/>
</suite>
<statistics>
<total>
<stat pass="0" fail="1" skip="0">All Tests</stat>
</total>
<tag>
</tag>
<suite>
<stat pass="0" fail="1" skip="0" id="s1" name="Date">Date</stat>
</suite>
</statistics>
<errors>
</errors>
</robot>
